<?xml version="1.0" encoding="UTF-8"?>
<!-- Generated by org.testng.reporters.JUnitXMLReporter -->
<testsuite ignored="7" hostname="DESKTOP-L9361S2" failures="0" tests="1" name="Default test" time="5.621" errors="0" timestamp="2025-04-20T22:05:00 IST">
  <testcase classname="restAssured.TestDemo" name="deleterequest" time="5.499"/>
  <testcase classname="restAssured.TestDemo" name="putrequest" time="0.0">
    <ignored/>
  </testcase> <!-- putrequest -->
  <testcase classname="restAssured.TestDemo" name="GetTitelPrise" time="0.0">
    <ignored/>
  </testcase> <!-- GetTitelPrise -->
  <testcase classname="restAssured.TestDemo" name="GetSmartphones" time="0.0">
    <ignored/>
  </testcase> <!-- GetSmartphones -->
  <testcase classname="restAssured.TestDemo" name="postrequest" time="0.0">
    <ignored/>
  </testcase> <!-- postrequest -->
  <testcase classname="restAssured.TestDemo" name="GetPhone" time="0.0">
    <ignored/>
  </testcase> <!-- GetPhone -->
  <testcase classname="restAssured.TestDemo" name="GetAllUser" time="0.0">
    <ignored/>
  </testcase> <!-- GetAllUser -->
  <testcase classname="restAssured.TestDemo" name="GetOneUser" time="0.0">
    <ignored/>
  </testcase> <!-- GetOneUser -->
</testsuite> <!-- Default test -->
