<?xml version="1.0" encoding="UTF-8"?>
<testng-results ignored="0" total="1" passed="1" failed="0" skipped="0">
  <reporter-output>
  </reporter-output>
  <suite started-at="2025-04-20T22:04:55 IST" name="Default suite" finished-at="2025-04-20T22:05:00 IST" duration-ms="5621">
    <groups>
    </groups>
    <test started-at="2025-04-20T22:04:55 IST" name="Default test" finished-at="2025-04-20T22:05:00 IST" duration-ms="5621">
      <class name="restAssured.TestDemo">
        <test-method signature="deleterequest()[pri:0, instance:restAssured.TestDemo@272113c4]" started-at="2025-04-20T22:04:55 IST" name="deleterequest" finished-at="2025-04-20T22:05:00 IST" duration-ms="5499" status="PASS">
          <reporter-output>
          </reporter-output>
        </test-method> <!-- deleterequest -->
      </class> <!-- restAssured.TestDemo -->
    </test> <!-- Default test -->
  </suite> <!-- Default suite -->
</testng-results>
